  [1m[35m (3.7ms)[0m  [1m[35mCREATE DATABASE `icapital_dev` DEFAULT CHARACTER SET `utf8mb4`[0m
  [1m[35m (7.2ms)[0m  [1m[35mCREATE TABLE `schema_migrations` (`version` varchar(255) NOT NULL PRIMARY KEY)[0m
  [1m[35m (6.1ms)[0m  [1m[35mCREATE TABLE `ar_internal_metadata` (`key` varchar(255) NOT NULL PRIMARY KEY, `value` varchar(255), `created_at` datetime(6) NOT NULL, `updated_at` datetime(6) NOT NULL)[0m
  [1m[35mSQL (0.1ms)[0m  [1m[34mSELECT GET_LOCK('8687664530221168380', 0)[0m
  [1m[36mActiveRecord::SchemaMigration Load (1.0ms)[0m  [1m[34mSELECT `schema_migrations`.`version` FROM `schema_migrations` ORDER BY `schema_migrations`.`version` ASC[0m
  [1m[36mActiveRecord::InternalMetadata Load (1.2ms)[0m  [1m[34mSELECT * FROM `ar_internal_metadata` WHERE `ar_internal_metadata`.`key` = 'environment' ORDER BY `ar_internal_metadata`.`key` ASC LIMIT 1[0m
  [1m[36mActiveRecord::InternalMetadata Create (0.6ms)[0m  [1m[32mINSERT INTO `ar_internal_metadata` (`key`, `value`, `created_at`, `updated_at`) VALUES ('environment', 'development', '2025-05-11 19:50:45.410562', '2025-05-11 19:50:45.410563')[0m
Migrating to CreateInvestors (20250511195006)
  [1m[35m (6.7ms)[0m  [1m[35mCREATE TABLE `investors` (`id` bigint NOT NULL AUTO_INCREMENT PRIMARY KEY, `first_name` varchar(255) NOT NULL, `last_name` varchar(255) NOT NULL, `date_of_birth` date NOT NULL, `phone_number` varchar(255) NOT NULL, `street_address` varchar(255) NOT NULL, `state` varchar(255) NOT NULL, `zip_code` varchar(255) NOT NULL, `created_at` datetime(6) NOT NULL, `updated_at` datetime(6) NOT NULL)[0m
  [1m[36mActiveRecord::SchemaMigration Create (2.5ms)[0m  [1m[32mINSERT INTO `schema_migrations` (`version`) VALUES ('20250511195006')[0m
  [1m[35mSQL (0.2ms)[0m  [1m[34mSELECT RELEASE_LOCK('8687664530221168380')[0m
  [1m[36mActiveRecord::SchemaMigration Load (0.1ms)[0m  [1m[34mSELECT `schema_migrations`.`version` FROM `schema_migrations` ORDER BY `schema_migrations`.`version` ASC[0m
  [1m[35mSQL (0.1ms)[0m  [1m[34mSELECT GET_LOCK('8687664530221168380', 0)[0m
  [1m[36mActiveRecord::SchemaMigration Load (0.2ms)[0m  [1m[34mSELECT `schema_migrations`.`version` FROM `schema_migrations` ORDER BY `schema_migrations`.`version` ASC[0m
  [1m[36mActiveRecord::InternalMetadata Load (0.2ms)[0m  [1m[34mSELECT * FROM `ar_internal_metadata` WHERE `ar_internal_metadata`.`key` = 'environment' ORDER BY `ar_internal_metadata`.`key` ASC LIMIT 1[0m
Migrating to CreateDocuments (20250511195057)
  [1m[35m (7.7ms)[0m  [1m[35mCREATE TABLE `documents` (`id` bigint NOT NULL AUTO_INCREMENT PRIMARY KEY, `investor_id` bigint NOT NULL, `file_name` varchar(255) NOT NULL, `file_path` varchar(255) NOT NULL, `created_at` datetime(6) NOT NULL, `updated_at` datetime(6) NOT NULL, INDEX `index_documents_on_investor_id` (`investor_id`), CONSTRAINT `fk_rails_45f31d73cb`
FOREIGN KEY (`investor_id`)
  REFERENCES `investors` (`id`)
)[0m
  [1m[36mActiveRecord::SchemaMigration Create (0.4ms)[0m  [1m[32mINSERT INTO `schema_migrations` (`version`) VALUES ('20250511195057')[0m
  [1m[35mSQL (0.1ms)[0m  [1m[34mSELECT RELEASE_LOCK('8687664530221168380')[0m
  [1m[36mActiveRecord::SchemaMigration Load (0.1ms)[0m  [1m[34mSELECT `schema_migrations`.`version` FROM `schema_migrations` ORDER BY `schema_migrations`.`version` ASC[0m
  [1m[35mSQL (0.1ms)[0m  [1m[34mSELECT GET_LOCK('8687664530221168380', 0)[0m
  [1m[36mActiveRecord::SchemaMigration Load (0.3ms)[0m  [1m[34mSELECT `schema_migrations`.`version` FROM `schema_migrations` ORDER BY `schema_migrations`.`version` ASC[0m
  [1m[36mActiveRecord::InternalMetadata Load (0.3ms)[0m  [1m[34mSELECT * FROM `ar_internal_metadata` WHERE `ar_internal_metadata`.`key` = 'environment' ORDER BY `ar_internal_metadata`.`key` ASC LIMIT 1[0m
  [1m[35mSQL (0.1ms)[0m  [1m[34mSELECT RELEASE_LOCK('8687664530221168380')[0m
  [1m[36mActiveRecord::SchemaMigration Load (0.1ms)[0m  [1m[34mSELECT `schema_migrations`.`version` FROM `schema_migrations` ORDER BY `schema_migrations`.`version` ASC[0m
Started GET "/api/investors/investors" for ::1 at 2025-05-11 16:12:56 -0400
  
ActionController::RoutingError (No route matches [GET] "/api/investors/investors"):
  
Started GET "/api/investors/investors" for ::1 at 2025-05-11 16:14:48 -0400
  
ActionController::RoutingError (No route matches [GET] "/api/investors/investors"):
  
Started GET "/api/investors/investors" for ::1 at 2025-05-11 16:15:50 -0400
  
ActionController::RoutingError (No route matches [GET] "/api/investors/investors"):
  
Started GET "/api/investors/investors" for ::1 at 2025-05-11 16:17:26 -0400
  
ActionController::RoutingError (No route matches [GET] "/api/investors/investors"):
  
Started GET "/api/investors" for ::1 at 2025-05-11 16:18:09 -0400
  
ActionController::RoutingError (No route matches [GET] "/api/investors"):
  
Started GET "/api/investors" for ::1 at 2025-05-11 16:20:33 -0400
  
ActionController::RoutingError (No route matches [GET] "/api/investors"):
  
Started GET "/api/investors" for ::1 at 2025-05-11 16:20:48 -0400
  
ActionController::RoutingError (No route matches [GET] "/api/investors"):
  
Started GET "/api/investors" for ::1 at 2025-05-11 16:21:16 -0400
  
ActionController::RoutingError (No route matches [GET] "/api/investors"):
  
Started GET "/api/investors" for ::1 at 2025-05-11 16:31:19 -0400
  
NameError (uninitialized constant Api::ApplicationController):
  
app/controllers/api/investors_controller.rb:2:in '<module:Api>'
app/controllers/api/investors_controller.rb:1:in '<main>'
Started GET "/api/investors" for ::1 at 2025-05-11 16:32:33 -0400
  
Zeitwerk::NameError (expected file /Users/nathansequeira/src/interviews/icapital-partner-import-app/backend/app/controllers/api/application_controller.rb to define constant Api::ApplicationController, but didn't):
  
app/controllers/api/investors_controller.rb:2:in '<module:Api>'
app/controllers/api/investors_controller.rb:1:in '<main>'
Started GET "/api/investors" for ::1 at 2025-05-11 16:32:35 -0400
Processing by Api::InvestorsController#index as */*
Completed 500 Internal Server Error in 13ms (ActiveRecord: 0.0ms (0 queries, 0 cached) | GC: 0.0ms)


  
NameError (uninitialized constant ApplicationRecord):
  
app/models/investor.rb:1:in '<main>'
app/controllers/api/investors_controller.rb:7:in 'Api::InvestorsController#index'
Started GET "/api/investors" for ::1 at 2025-05-11 16:33:36 -0400
  
Zeitwerk::NameError (expected file /Users/nathansequeira/src/interviews/icapital-partner-import-app/backend/app/controllers/api/application_controller.rb to define constant Api::ApplicationController, but didn't):
  
app/controllers/api/investors_controller.rb:2:in '<module:Api>'
app/controllers/api/investors_controller.rb:1:in '<main>'
Started GET "/api/investors" for ::1 at 2025-05-11 16:34:00 -0400
Processing by Api::InvestorsController#index as */*
  [1m[36mInvestor Load (7.9ms)[0m  [1m[34mSELECT `investors`.* FROM `investors`[0m
Completed 200 OK in 32ms (Views: 1.3ms | ActiveRecord: 9.2ms (1 query, 0 cached) | GC: 0.0ms)


Started GET "/api/investors" for ::1 at 2025-05-11 16:34:32 -0400
Processing by Api::InvestorsController#index as */*
  [1m[36mInvestor Load (0.5ms)[0m  [1m[34mSELECT `investors`.* FROM `investors`[0m
Completed 200 OK in 1ms (Views: 0.6ms | ActiveRecord: 0.5ms (1 query, 0 cached) | GC: 0.0ms)


Started GET "/api/investors" for ::1 at 2025-05-11 16:34:33 -0400
Processing by Api::InvestorsController#index as */*
  [1m[36mInvestor Load (0.4ms)[0m  [1m[34mSELECT `investors`.* FROM `investors`[0m
Completed 200 OK in 1ms (Views: 0.6ms | ActiveRecord: 0.4ms (1 query, 0 cached) | GC: 0.0ms)


Started POST "/api/investors" for ::1 at 2025-05-11 16:34:56 -0400
Processing by Api::InvestorsController#create as */*
  Parameters: {"investor" => {"first_name" => "bob", "last_name" => "thing", "date_of_birth" => "2025-02-25", "phone_number" => "2343", "street_address" => "43225", "state" => "CA", "zip_code" => "43353"}}
  [1m[36mTRANSACTION (0.1ms)[0m  [1m[35mBEGIN[0m
  [1m[36mInvestor Create (1.6ms)[0m  [1m[32mINSERT INTO `investors` (`first_name`, `last_name`, `date_of_birth`, `phone_number`, `street_address`, `state`, `zip_code`, `created_at`, `updated_at`) VALUES ('bob', 'thing', '2025-02-25', '2343', '43225', 'CA', '43353', '2025-05-11 20:34:56.743347', '2025-05-11 20:34:56.743347')[0m
  [1m[36mTRANSACTION (1.8ms)[0m  [1m[35mCOMMIT[0m
Completed 201 Created in 40ms (Views: 0.1ms | ActiveRecord: 12.3ms (1 query, 0 cached) | GC: 21.4ms)


Started GET "/api/investors" for ::1 at 2025-05-11 16:34:56 -0400
Processing by Api::InvestorsController#index as */*
  [1m[36mInvestor Load (0.4ms)[0m  [1m[34mSELECT `investors`.* FROM `investors`[0m
Completed 200 OK in 1ms (Views: 0.6ms | ActiveRecord: 0.3ms (1 query, 0 cached) | GC: 0.0ms)


Started GET "/api/investors/1" for ::1 at 2025-05-11 16:34:58 -0400
Processing by Api::InvestorsController#show as */*
  Parameters: {"id" => "1"}
  [1m[36mInvestor Load (0.8ms)[0m  [1m[34mSELECT `investors`.* FROM `investors` WHERE `investors`.`id` = 1 LIMIT 1[0m
Completed 200 OK in 7ms (Views: 0.6ms | ActiveRecord: 0.8ms (1 query, 0 cached) | GC: 0.0ms)


Started PUT "/api/investors/1" for ::1 at 2025-05-11 16:35:17 -0400
Processing by Api::InvestorsController#update as */*
  Parameters: {"investor" => {"id" => "1", "first_name" => "bob", "last_name" => "thing", "date_of_birth" => "2025-02-25", "phone_number" => "2343", "street_address" => "43225", "state" => "CA", "zip_code" => "43353", "created_at" => "2025-05-11T20:34:56.743Z", "updated_at" => "2025-05-11T20:34:56.743Z"}, "files" => [#<ActionDispatch::Http::UploadedFile:0x000000012dfb8e88 @tempfile=#<Tempfile:/var/folders/mg/473nk15d7xl7bcql1tv3xl2c0000gn/T/RackMultipart20250511-63437-rah23v.png>, @content_type="image/png", @original_filename="mom-flyer-2025-03-10.png", @headers="Content-Disposition: form-data; name=\"files[]\"; filename=\"mom-flyer-2025-03-10.png\"\r\nContent-Type: image/png\r\n">], "id" => "1"}
  [1m[36mInvestor Load (0.9ms)[0m  [1m[34mSELECT `investors`.* FROM `investors` WHERE `investors`.`id` = 1 LIMIT 1[0m
[31mUnpermitted parameters: :id, :created_at, :updated_at. Context: { controller: Api::InvestorsController, action: update, request: #<ActionDispatch::Request:0x000000012e1d30d8>, params: {"investor" => {"id" => "1", "first_name" => "bob", "last_name" => "thing", "date_of_birth" => "2025-02-25", "phone_number" => "2343", "street_address" => "43225", "state" => "CA", "zip_code" => "43353", "created_at" => "2025-05-11T20:34:56.743Z", "updated_at" => "2025-05-11T20:34:56.743Z"}, "files" => [#<ActionDispatch::Http::UploadedFile:0x000000012dfb8e88 @tempfile=#<Tempfile:/var/folders/mg/473nk15d7xl7bcql1tv3xl2c0000gn/T/RackMultipart20250511-63437-rah23v.png>, @content_type="image/png", @original_filename="mom-flyer-2025-03-10.png", @headers="Content-Disposition: form-data; name=\"files[]\"; filename=\"mom-flyer-2025-03-10.png\"\r\nContent-Type: image/png\r\n">], "controller" => "api/investors", "action" => "update", "id" => "1"} }[0m
  [1m[36mTRANSACTION (0.2ms)[0m  [1m[35mBEGIN[0m
  [1m[36mDocument Create (1.8ms)[0m  [1m[32mINSERT INTO `documents` (`investor_id`, `file_name`, `file_path`, `created_at`, `updated_at`) VALUES (1, 'mom-flyer-2025-03-10.png', '/Users/nathansequeira/src/interviews/icapital-partner-import-app/backend/public/uploads/1/mom-flyer-2025-03-10.png', '2025-05-11 20:35:18.013868', '2025-05-11 20:35:18.013868')[0m
  [1m[36mTRANSACTION (1.3ms)[0m  [1m[35mCOMMIT[0m
Completed 200 OK in 43ms (Views: 0.1ms | ActiveRecord: 8.9ms (2 queries, 0 cached) | GC: 1.6ms)


Started GET "/api/investors" for ::1 at 2025-05-11 16:35:18 -0400
Processing by Api::InvestorsController#index as */*
  [1m[36mInvestor Load (0.7ms)[0m  [1m[34mSELECT `investors`.* FROM `investors`[0m
Completed 200 OK in 2ms (Views: 0.7ms | ActiveRecord: 0.7ms (1 query, 0 cached) | GC: 0.0ms)


Started GET "/api/investors/1" for ::1 at 2025-05-11 16:35:21 -0400
Processing by Api::InvestorsController#show as */*
  Parameters: {"id" => "1"}
  [1m[36mInvestor Load (1.0ms)[0m  [1m[34mSELECT `investors`.* FROM `investors` WHERE `investors`.`id` = 1 LIMIT 1[0m
Completed 200 OK in 3ms (Views: 0.6ms | ActiveRecord: 0.9ms (1 query, 0 cached) | GC: 0.0ms)


Started GET "/api/investors" for ::1 at 2025-05-11 16:35:26 -0400
Processing by Api::InvestorsController#index as */*
  [1m[36mInvestor Load (0.8ms)[0m  [1m[34mSELECT `investors`.* FROM `investors`[0m
Completed 200 OK in 3ms (Views: 1.9ms | ActiveRecord: 0.8ms (1 query, 0 cached) | GC: 0.0ms)


Started GET "/api/investors/1" for ::1 at 2025-05-11 16:35:46 -0400
Processing by Api::InvestorsController#show as */*
  Parameters: {"id" => "1"}
  [1m[36mInvestor Load (0.5ms)[0m  [1m[34mSELECT `investors`.* FROM `investors` WHERE `investors`.`id` = 1 LIMIT 1[0m
Completed 200 OK in 1ms (Views: 0.3ms | ActiveRecord: 0.5ms (1 query, 0 cached) | GC: 0.0ms)


Started GET "/api/investors/1" for ::1 at 2025-05-11 16:43:35 -0400
Processing by Api::InvestorsController#show as */*
  Parameters: {"id" => "1"}
  [1m[36mInvestor Load (4.5ms)[0m  [1m[34mSELECT `investors`.* FROM `investors` WHERE `investors`.`id` = 1 LIMIT 1[0m
Completed 200 OK in 13ms (Views: 0.2ms | ActiveRecord: 6.3ms (1 query, 0 cached) | GC: 4.3ms)


Started GET "/api/investors" for ::1 at 2025-05-11 16:43:44 -0400
Processing by Api::InvestorsController#index as */*
  [1m[36mInvestor Load (0.4ms)[0m  [1m[34mSELECT `investors`.* FROM `investors`[0m
Completed 200 OK in 2ms (Views: 1.1ms | ActiveRecord: 0.4ms (1 query, 0 cached) | GC: 0.0ms)


Started GET "/api/investors" for ::1 at 2025-05-11 16:44:08 -0400
Processing by Api::InvestorsController#index as */*
  [1m[36mInvestor Load (2.2ms)[0m  [1m[34mSELECT `investors`.* FROM `investors`[0m
Completed 200 OK in 3ms (Views: 0.7ms | ActiveRecord: 2.1ms (1 query, 0 cached) | GC: 0.1ms)


Started GET "/api/investors/1" for ::1 at 2025-05-11 16:44:22 -0400
Processing by Api::InvestorsController#show as */*
  Parameters: {"id" => "1"}
  [1m[36mInvestor Load (0.5ms)[0m  [1m[34mSELECT `investors`.* FROM `investors` WHERE `investors`.`id` = 1 LIMIT 1[0m
Completed 200 OK in 2ms (Views: 0.3ms | ActiveRecord: 0.5ms (1 query, 0 cached) | GC: 0.0ms)


Started PUT "/api/investors/1" for ::1 at 2025-05-11 16:44:26 -0400
Processing by Api::InvestorsController#update as */*
  Parameters: {"investor" => {"first_name" => "bob", "last_name" => "thing", "date_of_birth" => "2025-02-25", "phone_number" => "2343", "street_address" => "43225", "state" => "CA", "zip_code" => "43353"}, "files" => [#<ActionDispatch::Http::UploadedFile:0x000000011fccc8b8 @tempfile=#<Tempfile:/var/folders/mg/473nk15d7xl7bcql1tv3xl2c0000gn/T/RackMultipart20250511-63437-p7kchp.png>, @content_type="image/png", @original_filename="mom-flyer-2025-03-10.png", @headers="Content-Disposition: form-data; name=\"files[]\"; filename=\"mom-flyer-2025-03-10.png\"\r\nContent-Type: image/png\r\n">], "id" => "1"}
  [1m[36mInvestor Load (1.0ms)[0m  [1m[34mSELECT `investors`.* FROM `investors` WHERE `investors`.`id` = 1 LIMIT 1[0m
  [1m[36mTRANSACTION (0.2ms)[0m  [1m[35mBEGIN[0m
  [1m[36mDocument Create (1.8ms)[0m  [1m[32mINSERT INTO `documents` (`investor_id`, `file_name`, `file_path`, `created_at`, `updated_at`) VALUES (1, 'mom-flyer-2025-03-10.png', '/Users/nathansequeira/src/interviews/icapital-partner-import-app/backend/public/uploads/1/mom-flyer-2025-03-10.png', '2025-05-11 20:44:26.431638', '2025-05-11 20:44:26.431638')[0m
  [1m[36mTRANSACTION (1.6ms)[0m  [1m[35mCOMMIT[0m
Completed 200 OK in 27ms (Views: 0.1ms | ActiveRecord: 4.6ms (2 queries, 0 cached) | GC: 0.8ms)


Started GET "/api/investors" for ::1 at 2025-05-11 16:44:26 -0400
Processing by Api::InvestorsController#index as */*
  [1m[36mInvestor Load (0.4ms)[0m  [1m[34mSELECT `investors`.* FROM `investors`[0m
Completed 200 OK in 1ms (Views: 0.6ms | ActiveRecord: 0.4ms (1 query, 0 cached) | GC: 0.0ms)


Started GET "/api/investors" for ::1 at 2025-05-11 16:44:28 -0400
Processing by Api::InvestorsController#index as */*
  [1m[36mInvestor Load (0.6ms)[0m  [1m[34mSELECT `investors`.* FROM `investors`[0m
Completed 200 OK in 2ms (Views: 1.0ms | ActiveRecord: 0.6ms (1 query, 0 cached) | GC: 0.0ms)


Started GET "/api/investors" for ::1 at 2025-05-11 16:48:26 -0400
Processing by Api::InvestorsController#index as */*
  [1m[36mInvestor Load (0.5ms)[0m  [1m[34mSELECT `investors`.* FROM `investors`[0m
  [1m[36mDocument Load (0.3ms)[0m  [1m[34mSELECT `documents`.* FROM `documents` WHERE `documents`.`investor_id` = 1[0m
Completed 200 OK in 43ms (Views: 9.3ms | ActiveRecord: 32.7ms (2 queries, 0 cached) | GC: 0.3ms)


Started GET "/api/investors" for ::1 at 2025-05-11 16:48:47 -0400
Processing by Api::InvestorsController#index as */*
  [1m[36mInvestor Load (0.4ms)[0m  [1m[34mSELECT `investors`.* FROM `investors`[0m
  [1m[36mDocument Load (0.3ms)[0m  [1m[34mSELECT `documents`.* FROM `documents` WHERE `documents`.`investor_id` = 1[0m
Completed 200 OK in 3ms (Views: 1.7ms | ActiveRecord: 0.7ms (2 queries, 0 cached) | GC: 0.0ms)


Started GET "/api/investors/1" for ::1 at 2025-05-11 16:48:48 -0400
Processing by Api::InvestorsController#show as */*
  Parameters: {"id" => "1"}
  [1m[36mInvestor Load (0.5ms)[0m  [1m[34mSELECT `investors`.* FROM `investors` WHERE `investors`.`id` = 1 LIMIT 1[0m
Completed 200 OK in 2ms (Views: 0.3ms | ActiveRecord: 0.5ms (1 query, 0 cached) | GC: 0.0ms)


Started GET "/api/investors/1" for ::1 at 2025-05-11 16:49:20 -0400
Processing by Api::InvestorsController#show as */*
  Parameters: {"id" => "1"}
  [1m[36mInvestor Load (0.1ms)[0m  [1m[34mSELECT `investors`.* FROM `investors` WHERE `investors`.`id` = 1 LIMIT 1[0m
Completed 200 OK in 14ms (Views: 0.2ms | ActiveRecord: 4.5ms (1 query, 0 cached) | GC: 6.0ms)


Started GET "/api/investors" for ::1 at 2025-05-11 16:49:22 -0400
Processing by Api::InvestorsController#index as */*
  [1m[36mInvestor Load (0.8ms)[0m  [1m[34mSELECT `investors`.* FROM `investors`[0m
  [1m[36mDocument Load (0.2ms)[0m  [1m[34mSELECT `documents`.* FROM `documents` WHERE `documents`.`investor_id` = 1[0m
Completed 200 OK in 13ms (Views: 9.2ms | ActiveRecord: 3.1ms (2 queries, 0 cached) | GC: 0.9ms)


Started GET "/api/investors" for ::1 at 2025-05-11 16:49:22 -0400
Processing by Api::InvestorsController#index as */*
  [1m[36mInvestor Load (0.4ms)[0m  [1m[34mSELECT `investors`.* FROM `investors`[0m
  [1m[36mDocument Load (0.4ms)[0m  [1m[34mSELECT `documents`.* FROM `documents` WHERE `documents`.`investor_id` = 1[0m
Completed 200 OK in 3ms (Views: 2.0ms | ActiveRecord: 0.8ms (2 queries, 0 cached) | GC: 0.0ms)


Started GET "/api/investors/1" for ::1 at 2025-05-11 16:49:24 -0400
Processing by Api::InvestorsController#show as */*
  Parameters: {"id" => "1"}
  [1m[36mInvestor Load (1.0ms)[0m  [1m[34mSELECT `investors`.* FROM `investors` WHERE `investors`.`id` = 1 LIMIT 1[0m
Completed 200 OK in 3ms (Views: 0.4ms | ActiveRecord: 1.0ms (1 query, 0 cached) | GC: 0.0ms)


Started GET "/api/investors/1" for ::1 at 2025-05-11 16:50:24 -0400
Processing by Api::InvestorsController#show as */*
  Parameters: {"id" => "1"}
  [1m[36mInvestor Load (0.1ms)[0m  [1m[34mSELECT `investors`.* FROM `investors` WHERE `investors`.`id` = 1 LIMIT 1[0m
  [1m[36mDocument Load (0.2ms)[0m  [1m[34mSELECT `documents`.* FROM `documents` WHERE `documents`.`investor_id` = 1[0m
Completed 200 OK in 13ms (Views: 2.7ms | ActiveRecord: 6.4ms (2 queries, 0 cached) | GC: 0.2ms)


Started GET "/api/investors/1" for ::1 at 2025-05-11 16:51:02 -0400
Processing by Api::InvestorsController#show as */*
  Parameters: {"id" => "1"}
  [1m[36mInvestor Load (0.6ms)[0m  [1m[34mSELECT `investors`.* FROM `investors` WHERE `investors`.`id` = 1 LIMIT 1[0m
  [1m[36mDocument Load (0.3ms)[0m  [1m[34mSELECT `documents`.* FROM `documents` WHERE `documents`.`investor_id` = 1[0m
Completed 200 OK in 2ms (Views: 0.8ms | ActiveRecord: 0.8ms (2 queries, 0 cached) | GC: 0.0ms)


Started GET "/api/investors/1" for ::1 at 2025-05-11 16:51:21 -0400
Processing by Api::InvestorsController#show as */*
  Parameters: {"id" => "1"}
  [1m[36mInvestor Load (0.4ms)[0m  [1m[34mSELECT `investors`.* FROM `investors` WHERE `investors`.`id` = 1 LIMIT 1[0m
  [1m[36mDocument Load (0.2ms)[0m  [1m[34mSELECT `documents`.* FROM `documents` WHERE `documents`.`investor_id` = 1[0m
Completed 200 OK in 2ms (Views: 0.6ms | ActiveRecord: 0.6ms (2 queries, 0 cached) | GC: 0.0ms)


Started GET "/api/investors/1" for ::1 at 2025-05-11 16:51:24 -0400
Processing by Api::InvestorsController#show as */*
  Parameters: {"id" => "1"}
  [1m[36mInvestor Load (0.4ms)[0m  [1m[34mSELECT `investors`.* FROM `investors` WHERE `investors`.`id` = 1 LIMIT 1[0m
  [1m[36mDocument Load (0.2ms)[0m  [1m[34mSELECT `documents`.* FROM `documents` WHERE `documents`.`investor_id` = 1[0m
Completed 200 OK in 2ms (Views: 0.6ms | ActiveRecord: 0.6ms (2 queries, 0 cached) | GC: 0.0ms)


Started GET "/api/investors" for ::1 at 2025-05-11 16:51:25 -0400
Processing by Api::InvestorsController#index as */*
  [1m[36mInvestor Load (0.4ms)[0m  [1m[34mSELECT `investors`.* FROM `investors`[0m
  [1m[36mDocument Load (0.3ms)[0m  [1m[34mSELECT `documents`.* FROM `documents` WHERE `documents`.`investor_id` = 1[0m
Completed 200 OK in 3ms (Views: 1.8ms | ActiveRecord: 0.7ms (2 queries, 0 cached) | GC: 0.0ms)


Started GET "/api/investors/1" for ::1 at 2025-05-11 16:51:27 -0400
Processing by Api::InvestorsController#show as */*
  Parameters: {"id" => "1"}
  [1m[36mInvestor Load (0.5ms)[0m  [1m[34mSELECT `investors`.* FROM `investors` WHERE `investors`.`id` = 1 LIMIT 1[0m
  [1m[36mDocument Load (0.3ms)[0m  [1m[34mSELECT `documents`.* FROM `documents` WHERE `documents`.`investor_id` = 1[0m
Completed 200 OK in 3ms (Views: 1.1ms | ActiveRecord: 0.7ms (2 queries, 0 cached) | GC: 0.0ms)


Started GET "/api/investors" for ::1 at 2025-05-11 16:51:27 -0400
Processing by Api::InvestorsController#index as */*
  [1m[36mInvestor Load (0.4ms)[0m  [1m[34mSELECT `investors`.* FROM `investors`[0m
  [1m[36mDocument Load (0.3ms)[0m  [1m[34mSELECT `documents`.* FROM `documents` WHERE `documents`.`investor_id` = 1[0m
Completed 200 OK in 3ms (Views: 1.8ms | ActiveRecord: 0.7ms (2 queries, 0 cached) | GC: 0.0ms)


Started GET "/api/investors/1" for ::1 at 2025-05-11 16:51:29 -0400
Processing by Api::InvestorsController#show as */*
  Parameters: {"id" => "1"}
  [1m[36mInvestor Load (0.8ms)[0m  [1m[34mSELECT `investors`.* FROM `investors` WHERE `investors`.`id` = 1 LIMIT 1[0m
  [1m[36mDocument Load (0.3ms)[0m  [1m[34mSELECT `documents`.* FROM `documents` WHERE `documents`.`investor_id` = 1[0m
Completed 200 OK in 4ms (Views: 1.8ms | ActiveRecord: 1.1ms (2 queries, 0 cached) | GC: 0.0ms)


Started GET "/api/investors/1" for ::1 at 2025-05-11 16:55:12 -0400
Processing by Api::InvestorsController#show as */*
  Parameters: {"id" => "1"}
  [1m[36mInvestor Load (0.3ms)[0m  [1m[34mSELECT `investors`.* FROM `investors` WHERE `investors`.`id` = 1 LIMIT 1[0m
  [1m[36mDocument Load (0.3ms)[0m  [1m[34mSELECT `documents`.* FROM `documents` WHERE `documents`.`investor_id` = 1[0m
Completed 200 OK in 45ms (Views: 6.6ms | ActiveRecord: 20.1ms (2 queries, 0 cached) | GC: 0.0ms)


Started GET "/api/investors" for ::1 at 2025-05-11 16:55:13 -0400
Processing by Api::InvestorsController#index as */*
  [1m[36mInvestor Load (0.4ms)[0m  [1m[34mSELECT `investors`.* FROM `investors`[0m
  [1m[36mDocument Load (0.4ms)[0m  [1m[34mSELECT `documents`.* FROM `documents` WHERE `documents`.`investor_id` = 1[0m
Completed 200 OK in 3ms (Views: 2.1ms | ActiveRecord: 0.8ms (2 queries, 0 cached) | GC: 0.0ms)


Started GET "/api/investors/1" for ::1 at 2025-05-11 16:57:14 -0400
Processing by Api::InvestorsController#show as */*
  Parameters: {"id" => "1"}
  [1m[36mInvestor Load (0.7ms)[0m  [1m[34mSELECT `investors`.* FROM `investors` WHERE `investors`.`id` = 1 LIMIT 1[0m
  [1m[36mDocument Load (0.4ms)[0m  [1m[34mSELECT `documents`.* FROM `documents` WHERE `documents`.`investor_id` = 1[0m
Completed 200 OK in 4ms (Views: 1.7ms | ActiveRecord: 1.1ms (2 queries, 0 cached) | GC: 0.0ms)


Started GET "/api/investors" for ::1 at 2025-05-11 16:57:15 -0400
Processing by Api::InvestorsController#index as */*
  [1m[36mInvestor Load (0.4ms)[0m  [1m[34mSELECT `investors`.* FROM `investors`[0m
  [1m[36mDocument Load (0.4ms)[0m  [1m[34mSELECT `documents`.* FROM `documents` WHERE `documents`.`investor_id` = 1[0m
Completed 200 OK in 3ms (Views: 2.1ms | ActiveRecord: 0.8ms (2 queries, 0 cached) | GC: 0.0ms)


Started GET "/api/investors" for ::1 at 2025-05-11 17:00:24 -0400
Processing by Api::InvestorsController#index as */*
  [1m[36mInvestor Load (0.4ms)[0m  [1m[34mSELECT `investors`.* FROM `investors`[0m
  [1m[36mDocument Load (0.2ms)[0m  [1m[34mSELECT `documents`.* FROM `documents` WHERE `documents`.`investor_id` = 1[0m
Completed 200 OK in 2ms (Views: 1.1ms | ActiveRecord: 0.6ms (2 queries, 0 cached) | GC: 0.0ms)


Started GET "/api/investors" for ::1 at 2025-05-11 17:00:47 -0400
Processing by Api::InvestorsController#index as */*
  [1m[36mInvestor Load (0.4ms)[0m  [1m[34mSELECT `investors`.* FROM `investors`[0m
  [1m[36mDocument Load (0.3ms)[0m  [1m[34mSELECT `documents`.* FROM `documents` WHERE `documents`.`investor_id` = 1[0m
Completed 200 OK in 2ms (Views: 1.1ms | ActiveRecord: 0.6ms (2 queries, 0 cached) | GC: 0.0ms)


Started GET "/api/investors" for ::1 at 2025-05-11 17:00:48 -0400
Processing by Api::InvestorsController#index as */*
  [1m[36mInvestor Load (0.3ms)[0m  [1m[34mSELECT `investors`.* FROM `investors`[0m
  [1m[36mDocument Load (0.2ms)[0m  [1m[34mSELECT `documents`.* FROM `documents` WHERE `documents`.`investor_id` = 1[0m
Completed 200 OK in 2ms (Views: 0.9ms | ActiveRecord: 0.6ms (2 queries, 0 cached) | GC: 0.0ms)


Started GET "/api/investors/1" for ::1 at 2025-05-11 17:01:05 -0400
Processing by Api::InvestorsController#show as */*
  Parameters: {"id" => "1"}
  [1m[36mInvestor Load (0.5ms)[0m  [1m[34mSELECT `investors`.* FROM `investors` WHERE `investors`.`id` = 1 LIMIT 1[0m
  [1m[36mDocument Load (0.4ms)[0m  [1m[34mSELECT `documents`.* FROM `documents` WHERE `documents`.`investor_id` = 1[0m
Completed 200 OK in 3ms (Views: 1.3ms | ActiveRecord: 0.9ms (2 queries, 0 cached) | GC: 0.0ms)


Started GET "/api/investors" for ::1 at 2025-05-11 17:01:25 -0400
Processing by Api::InvestorsController#index as */*
  [1m[36mInvestor Load (0.8ms)[0m  [1m[34mSELECT `investors`.* FROM `investors`[0m
  [1m[36mDocument Load (0.6ms)[0m  [1m[34mSELECT `documents`.* FROM `documents` WHERE `documents`.`investor_id` = 1[0m
Completed 200 OK in 4ms (Views: 2.0ms | ActiveRecord: 1.3ms (2 queries, 0 cached) | GC: 0.0ms)


Started GET "/api/investors" for ::1 at 2025-05-11 17:01:43 -0400
Processing by Api::InvestorsController#index as */*
  [1m[36mInvestor Load (0.5ms)[0m  [1m[34mSELECT `investors`.* FROM `investors`[0m
  [1m[36mDocument Load (0.4ms)[0m  [1m[34mSELECT `documents`.* FROM `documents` WHERE `documents`.`investor_id` = 1[0m
Completed 200 OK in 4ms (Views: 2.6ms | ActiveRecord: 0.9ms (2 queries, 0 cached) | GC: 0.0ms)


Started GET "/api/investors/1" for ::1 at 2025-05-11 17:02:50 -0400
Processing by Api::InvestorsController#show as */*
  Parameters: {"id" => "1"}
  [1m[36mInvestor Load (0.5ms)[0m  [1m[34mSELECT `investors`.* FROM `investors` WHERE `investors`.`id` = 1 LIMIT 1[0m
  [1m[36mDocument Load (0.4ms)[0m  [1m[34mSELECT `documents`.* FROM `documents` WHERE `documents`.`investor_id` = 1[0m
Completed 200 OK in 3ms (Views: 1.4ms | ActiveRecord: 0.9ms (2 queries, 0 cached) | GC: 0.0ms)


Started PUT "/api/investors/1" for ::1 at 2025-05-11 17:02:58 -0400
Processing by Api::InvestorsController#update as */*
  Parameters: {"investor" => {"first_name" => "bob", "last_name" => "thing", "date_of_birth" => "2025-02-25", "phone_number" => "2343", "street_address" => "43225", "state" => "CA", "zip_code" => "43353"}, "files" => [#<ActionDispatch::Http::UploadedFile:0x0000000137f3ca90 @tempfile=#<Tempfile:/var/folders/mg/473nk15d7xl7bcql1tv3xl2c0000gn/T/RackMultipart20250511-64069-3bpdg7.png>, @content_type="image/png", @original_filename="mom-flyer-2025-03-10.png", @headers="Content-Disposition: form-data; name=\"files[]\"; filename=\"mom-flyer-2025-03-10.png\"\r\nContent-Type: image/png\r\n">], "id" => "1"}
  [1m[36mInvestor Load (0.4ms)[0m  [1m[34mSELECT `investors`.* FROM `investors` WHERE `investors`.`id` = 1 LIMIT 1[0m
  [1m[36mTRANSACTION (0.1ms)[0m  [1m[35mBEGIN[0m
  [1m[36mDocument Create (1.2ms)[0m  [1m[32mINSERT INTO `documents` (`investor_id`, `file_name`, `file_path`, `created_at`, `updated_at`) VALUES (1, 'mom-flyer-2025-03-10.png', '/Users/nathansequeira/src/interviews/icapital-partner-import-app/backend/public/uploads/1/mom-flyer-2025-03-10.png', '2025-05-11 21:02:58.361840', '2025-05-11 21:02:58.361840')[0m
  [1m[36mTRANSACTION (1.5ms)[0m  [1m[35mCOMMIT[0m
Completed 200 OK in 9ms (Views: 0.1ms | ActiveRecord: 3.2ms (2 queries, 0 cached) | GC: 0.7ms)


Started GET "/api/investors" for ::1 at 2025-05-11 17:02:58 -0400
Processing by Api::InvestorsController#index as */*
  [1m[36mInvestor Load (0.4ms)[0m  [1m[34mSELECT `investors`.* FROM `investors`[0m
  [1m[36mDocument Load (0.4ms)[0m  [1m[34mSELECT `documents`.* FROM `documents` WHERE `documents`.`investor_id` = 1[0m
Completed 200 OK in 2ms (Views: 1.3ms | ActiveRecord: 0.8ms (2 queries, 0 cached) | GC: 0.0ms)


Started GET "/api/investors/1" for ::1 at 2025-05-11 17:03:44 -0400
Processing by Api::InvestorsController#show as */*
  Parameters: {"id" => "1"}
  [1m[36mInvestor Load (1.0ms)[0m  [1m[34mSELECT `investors`.* FROM `investors` WHERE `investors`.`id` = 1 LIMIT 1[0m
  [1m[36mDocument Load (0.5ms)[0m  [1m[34mSELECT `documents`.* FROM `documents` WHERE `documents`.`investor_id` = 1[0m
Completed 200 OK in 4ms (Views: 1.8ms | ActiveRecord: 1.5ms (2 queries, 0 cached) | GC: 0.0ms)


Started GET "/api/investors/1" for ::1 at 2025-05-11 17:03:47 -0400
Processing by Api::InvestorsController#show as */*
  Parameters: {"id" => "1"}
  [1m[36mInvestor Load (0.5ms)[0m  [1m[34mSELECT `investors`.* FROM `investors` WHERE `investors`.`id` = 1 LIMIT 1[0m
  [1m[36mDocument Load (0.4ms)[0m  [1m[34mSELECT `documents`.* FROM `documents` WHERE `documents`.`investor_id` = 1[0m
Completed 200 OK in 3ms (Views: 1.2ms | ActiveRecord: 0.8ms (2 queries, 0 cached) | GC: 0.0ms)


Started PUT "/api/investors/1" for ::1 at 2025-05-11 17:03:51 -0400
Processing by Api::InvestorsController#update as */*
  Parameters: {"investor" => {"first_name" => "bob", "last_name" => "thing", "date_of_birth" => "2025-02-25", "phone_number" => "2343", "street_address" => "43225", "state" => "CA", "zip_code" => "43353"}, "remove_file_ids" => ["1"], "files" => [#<ActionDispatch::Http::UploadedFile:0x0000000137dd5c38 @tempfile=#<Tempfile:/var/folders/mg/473nk15d7xl7bcql1tv3xl2c0000gn/T/RackMultipart20250511-64069-vhbme4.png>, @content_type="image/png", @original_filename="mom-flyer-2025-03-10.png", @headers="Content-Disposition: form-data; name=\"files[]\"; filename=\"mom-flyer-2025-03-10.png\"\r\nContent-Type: image/png\r\n">], "id" => "1"}
  [1m[36mInvestor Load (1.0ms)[0m  [1m[34mSELECT `investors`.* FROM `investors` WHERE `investors`.`id` = 1 LIMIT 1[0m
  [1m[36mTRANSACTION (0.2ms)[0m  [1m[35mBEGIN[0m
  [1m[36mDocument Create (1.1ms)[0m  [1m[32mINSERT INTO `documents` (`investor_id`, `file_name`, `file_path`, `created_at`, `updated_at`) VALUES (1, 'mom-flyer-2025-03-10.png', '/Users/nathansequeira/src/interviews/icapital-partner-import-app/backend/public/uploads/1/mom-flyer-2025-03-10.png', '2025-05-11 21:03:51.734311', '2025-05-11 21:03:51.734311')[0m
  [1m[36mTRANSACTION (0.7ms)[0m  [1m[35mCOMMIT[0m
Completed 200 OK in 8ms (Views: 0.1ms | ActiveRecord: 3.0ms (2 queries, 0 cached) | GC: 0.7ms)


Started GET "/api/investors" for ::1 at 2025-05-11 17:03:51 -0400
Processing by Api::InvestorsController#index as */*
  [1m[36mInvestor Load (0.3ms)[0m  [1m[34mSELECT `investors`.* FROM `investors`[0m
  [1m[36mDocument Load (0.2ms)[0m  [1m[34mSELECT `documents`.* FROM `documents` WHERE `documents`.`investor_id` = 1[0m
Completed 200 OK in 2ms (Views: 1.4ms | ActiveRecord: 0.5ms (2 queries, 0 cached) | GC: 0.0ms)


Started GET "/api/investors" for ::1 at 2025-05-11 17:04:06 -0400
Processing by Api::InvestorsController#index as */*
  [1m[36mInvestor Load (0.4ms)[0m  [1m[34mSELECT `investors`.* FROM `investors`[0m
  [1m[36mDocument Load (0.3ms)[0m  [1m[34mSELECT `documents`.* FROM `documents` WHERE `documents`.`investor_id` = 1[0m
Completed 200 OK in 2ms (Views: 1.4ms | ActiveRecord: 0.6ms (2 queries, 0 cached) | GC: 0.0ms)


Started GET "/api/investors/1" for ::1 at 2025-05-11 17:04:07 -0400
Processing by Api::InvestorsController#show as */*
  Parameters: {"id" => "1"}
  [1m[36mInvestor Load (0.5ms)[0m  [1m[34mSELECT `investors`.* FROM `investors` WHERE `investors`.`id` = 1 LIMIT 1[0m
  [1m[36mDocument Load (0.3ms)[0m  [1m[34mSELECT `documents`.* FROM `documents` WHERE `documents`.`investor_id` = 1[0m
Completed 200 OK in 2ms (Views: 0.9ms | ActiveRecord: 0.8ms (2 queries, 0 cached) | GC: 0.0ms)


Started PUT "/api/investors/1" for ::1 at 2025-05-11 17:04:11 -0400
Processing by Api::InvestorsController#update as */*
  Parameters: {"investor" => {"first_name" => "bob", "last_name" => "thing", "date_of_birth" => "2025-02-25", "phone_number" => "2343", "street_address" => "43225", "state" => "CA", "zip_code" => "43353"}, "files" => [#<ActionDispatch::Http::UploadedFile:0x00000001379142a8 @tempfile=#<Tempfile:/var/folders/mg/473nk15d7xl7bcql1tv3xl2c0000gn/T/RackMultipart20250511-64069-oflvrl.png>, @content_type="image/png", @original_filename="mom-flyer-2025-03-10.png", @headers="Content-Disposition: form-data; name=\"files[]\"; filename=\"mom-flyer-2025-03-10.png\"\r\nContent-Type: image/png\r\n">], "id" => "1"}
  [1m[36mInvestor Load (0.5ms)[0m  [1m[34mSELECT `investors`.* FROM `investors` WHERE `investors`.`id` = 1 LIMIT 1[0m
  [1m[36mTRANSACTION (0.2ms)[0m  [1m[35mBEGIN[0m
  [1m[36mDocument Create (1.0ms)[0m  [1m[32mINSERT INTO `documents` (`investor_id`, `file_name`, `file_path`, `created_at`, `updated_at`) VALUES (1, 'mom-flyer-2025-03-10.png', '/Users/nathansequeira/src/interviews/icapital-partner-import-app/backend/public/uploads/1/mom-flyer-2025-03-10.png', '2025-05-11 21:04:11.214740', '2025-05-11 21:04:11.214740')[0m
  [1m[36mTRANSACTION (0.3ms)[0m  [1m[35mCOMMIT[0m
Completed 200 OK in 6ms (Views: 0.1ms | ActiveRecord: 2.1ms (2 queries, 0 cached) | GC: 0.0ms)


Started GET "/api/investors" for ::1 at 2025-05-11 17:04:11 -0400
Processing by Api::InvestorsController#index as */*
  [1m[36mInvestor Load (0.4ms)[0m  [1m[34mSELECT `investors`.* FROM `investors`[0m
  [1m[36mDocument Load (0.3ms)[0m  [1m[34mSELECT `documents`.* FROM `documents` WHERE `documents`.`investor_id` = 1[0m
Completed 200 OK in 2ms (Views: 1.5ms | ActiveRecord: 0.6ms (2 queries, 0 cached) | GC: 0.0ms)


Started GET "/api/investors/1" for ::1 at 2025-05-11 17:04:14 -0400
Processing by Api::InvestorsController#show as */*
  Parameters: {"id" => "1"}
  [1m[36mInvestor Load (0.6ms)[0m  [1m[34mSELECT `investors`.* FROM `investors` WHERE `investors`.`id` = 1 LIMIT 1[0m
  [1m[36mDocument Load (0.3ms)[0m  [1m[34mSELECT `documents`.* FROM `documents` WHERE `documents`.`investor_id` = 1[0m
Completed 200 OK in 3ms (Views: 1.0ms | ActiveRecord: 0.8ms (2 queries, 0 cached) | GC: 0.0ms)


Started PUT "/api/investors/1" for ::1 at 2025-05-11 17:04:32 -0400
Processing by Api::InvestorsController#update as */*
  Parameters: {"investor" => {"first_name" => "bob", "last_name" => "thing", "date_of_birth" => "2025-02-25", "phone_number" => "2343", "street_address" => "43225", "state" => "CA", "zip_code" => "43353"}, "remove_file_ids" => ["5"], "files" => [#<ActionDispatch::Http::UploadedFile:0x000000013364d2a8 @tempfile=#<Tempfile:/var/folders/mg/473nk15d7xl7bcql1tv3xl2c0000gn/T/RackMultipart20250511-64069-qrk4j8.txt>, @content_type="text/plain", @original_filename="union-find-1.txt", @headers="Content-Disposition: form-data; name=\"files[]\"; filename=\"union-find-1.txt\"\r\nContent-Type: text/plain\r\n">], "id" => "1"}
  [1m[36mInvestor Load (0.6ms)[0m  [1m[34mSELECT `investors`.* FROM `investors` WHERE `investors`.`id` = 1 LIMIT 1[0m
  [1m[36mTRANSACTION (0.2ms)[0m  [1m[35mBEGIN[0m
  [1m[36mDocument Create (5.5ms)[0m  [1m[32mINSERT INTO `documents` (`investor_id`, `file_name`, `file_path`, `created_at`, `updated_at`) VALUES (1, 'union-find-1.txt', '/Users/nathansequeira/src/interviews/icapital-partner-import-app/backend/public/uploads/1/union-find-1.txt', '2025-05-11 21:04:32.529874', '2025-05-11 21:04:32.529874')[0m
  [1m[36mTRANSACTION (0.7ms)[0m  [1m[35mCOMMIT[0m
Completed 200 OK in 12ms (Views: 0.2ms | ActiveRecord: 7.0ms (2 queries, 0 cached) | GC: 4.0ms)


Started GET "/api/investors" for ::1 at 2025-05-11 17:04:32 -0400
Processing by Api::InvestorsController#index as */*
  [1m[36mInvestor Load (0.5ms)[0m  [1m[34mSELECT `investors`.* FROM `investors`[0m
  [1m[36mDocument Load (0.3ms)[0m  [1m[34mSELECT `documents`.* FROM `documents` WHERE `documents`.`investor_id` = 1[0m
Completed 200 OK in 3ms (Views: 2.0ms | ActiveRecord: 0.8ms (2 queries, 0 cached) | GC: 0.7ms)


Started GET "/api/investors/1" for ::1 at 2025-05-11 17:05:11 -0400
Processing by Api::InvestorsController#show as */*
  Parameters: {"id" => "1"}
  [1m[36mInvestor Load (0.5ms)[0m  [1m[34mSELECT `investors`.* FROM `investors` WHERE `investors`.`id` = 1 LIMIT 1[0m
  [1m[36mDocument Load (0.4ms)[0m  [1m[34mSELECT `documents`.* FROM `documents` WHERE `documents`.`investor_id` = 1[0m
Completed 200 OK in 6ms (Views: 3.9ms | ActiveRecord: 0.9ms (2 queries, 0 cached) | GC: 2.2ms)


Started GET "/api/investors/1" for ::1 at 2025-05-11 17:13:54 -0400
Processing by Api::InvestorsController#show as */*
  Parameters: {"id" => "1"}
  [1m[36mInvestor Load (0.4ms)[0m  [1m[34mSELECT `investors`.* FROM `investors` WHERE `investors`.`id` = 1 LIMIT 1[0m
  [1m[36mDocument Load (0.4ms)[0m  [1m[34mSELECT `documents`.* FROM `documents` WHERE `documents`.`investor_id` = 1[0m
Completed 200 OK in 57ms (Views: 6.0ms | ActiveRecord: 40.5ms (2 queries, 0 cached) | GC: 0.0ms)


Started PUT "/api/investors/1" for ::1 at 2025-05-11 17:14:04 -0400
Processing by Api::InvestorsController#update as */*
  Parameters: {"investor" => {"first_name" => "bob", "last_name" => "thing", "date_of_birth" => "2025-02-25", "phone_number" => "2343", "street_address" => "43225", "state" => "CA", "zip_code" => "43353"}, "remove_file_ids" => ["6", "5"], "files" => [#<ActionDispatch::Http::UploadedFile:0x0000000122bd1960 @tempfile=#<Tempfile:/var/folders/mg/473nk15d7xl7bcql1tv3xl2c0000gn/T/RackMultipart20250511-64342-e4v7bt.html>, @content_type="text/html", @original_filename="datastore-test.html", @headers="Content-Disposition: form-data; name=\"files[]\"; filename=\"datastore-test.html\"\r\nContent-Type: text/html\r\n">], "id" => "1"}
  [1m[36mInvestor Load (0.4ms)[0m  [1m[34mSELECT `investors`.* FROM `investors` WHERE `investors`.`id` = 1 LIMIT 1[0m
  [1m[36mDocument Load (0.3ms)[0m  [1m[34mSELECT `documents`.* FROM `documents` WHERE `documents`.`investor_id` = 1 AND `documents`.`id` = 6 LIMIT 1[0m
  [1m[36mTRANSACTION (0.2ms)[0m  [1m[35mBEGIN[0m
  [1m[36mDocument Destroy (2.0ms)[0m  [1m[31mDELETE FROM `documents` WHERE `documents`.`id` = 6[0m
  [1m[36mTRANSACTION (1.0ms)[0m  [1m[35mCOMMIT[0m
  [1m[36mDocument Load (0.3ms)[0m  [1m[34mSELECT `documents`.* FROM `documents` WHERE `documents`.`investor_id` = 1 AND `documents`.`id` = 5 LIMIT 1[0m
  [1m[36mTRANSACTION (0.1ms)[0m  [1m[35mBEGIN[0m
  [1m[36mDocument Destroy (0.7ms)[0m  [1m[31mDELETE FROM `documents` WHERE `documents`.`id` = 5[0m
  [1m[36mTRANSACTION (0.8ms)[0m  [1m[35mCOMMIT[0m
  [1m[36mTRANSACTION (0.1ms)[0m  [1m[35mBEGIN[0m
  [1m[36mDocument Create (1.0ms)[0m  [1m[32mINSERT INTO `documents` (`investor_id`, `file_name`, `file_path`, `created_at`, `updated_at`) VALUES (1, 'datastore-test.html', '/Users/nathansequeira/src/interviews/icapital-partner-import-app/backend/public/uploads/1/datastore-test.html', '2025-05-11 21:14:04.971481', '2025-05-11 21:14:04.971481')[0m
  [1m[36mTRANSACTION (0.5ms)[0m  [1m[35mCOMMIT[0m
Completed 200 OK in 16ms (Views: 0.2ms | ActiveRecord: 7.3ms (6 queries, 0 cached) | GC: 0.0ms)


Started GET "/api/investors" for ::1 at 2025-05-11 17:14:04 -0400
Processing by Api::InvestorsController#index as */*
  [1m[36mInvestor Load (0.5ms)[0m  [1m[34mSELECT `investors`.* FROM `investors`[0m
  [1m[36mDocument Load (0.2ms)[0m  [1m[34mSELECT `documents`.* FROM `documents` WHERE `documents`.`investor_id` = 1[0m
Completed 200 OK in 2ms (Views: 1.4ms | ActiveRecord: 0.7ms (2 queries, 0 cached) | GC: 0.0ms)


Started GET "/api/investors/1" for ::1 at 2025-05-11 17:14:08 -0400
Processing by Api::InvestorsController#show as */*
  Parameters: {"id" => "1"}
  [1m[36mInvestor Load (0.5ms)[0m  [1m[34mSELECT `investors`.* FROM `investors` WHERE `investors`.`id` = 1 LIMIT 1[0m
  [1m[36mDocument Load (0.3ms)[0m  [1m[34mSELECT `documents`.* FROM `documents` WHERE `documents`.`investor_id` = 1[0m
Completed 200 OK in 3ms (Views: 1.2ms | ActiveRecord: 0.7ms (2 queries, 0 cached) | GC: 0.0ms)


Started PUT "/api/investors/1" for ::1 at 2025-05-11 17:14:15 -0400
Processing by Api::InvestorsController#update as */*
  Parameters: {"investor" => {"first_name" => "bob", "last_name" => "thing", "date_of_birth" => "2025-02-25", "phone_number" => "2343", "street_address" => "43225", "state" => "CA", "zip_code" => "43353"}, "files" => [#<ActionDispatch::Http::UploadedFile:0x0000000122e13250 @tempfile=#<Tempfile:/var/folders/mg/473nk15d7xl7bcql1tv3xl2c0000gn/T/RackMultipart20250511-64342-qr2lqj.png>, @content_type="image/png", @original_filename="mom-flyer-2025-03-10.png", @headers="Content-Disposition: form-data; name=\"files[]\"; filename=\"mom-flyer-2025-03-10.png\"\r\nContent-Type: image/png\r\n">], "id" => "1"}
  [1m[36mInvestor Load (0.5ms)[0m  [1m[34mSELECT `investors`.* FROM `investors` WHERE `investors`.`id` = 1 LIMIT 1[0m
  [1m[36mTRANSACTION (0.2ms)[0m  [1m[35mBEGIN[0m
  [1m[36mDocument Create (1.0ms)[0m  [1m[32mINSERT INTO `documents` (`investor_id`, `file_name`, `file_path`, `created_at`, `updated_at`) VALUES (1, 'mom-flyer-2025-03-10.png', '/Users/nathansequeira/src/interviews/icapital-partner-import-app/backend/public/uploads/1/mom-flyer-2025-03-10.png', '2025-05-11 21:14:15.185622', '2025-05-11 21:14:15.185622')[0m
  [1m[36mTRANSACTION (0.5ms)[0m  [1m[35mCOMMIT[0m
Completed 200 OK in 6ms (Views: 0.1ms | ActiveRecord: 2.2ms (2 queries, 0 cached) | GC: 0.0ms)


Started GET "/api/investors" for ::1 at 2025-05-11 17:14:15 -0400
Processing by Api::InvestorsController#index as */*
  [1m[36mInvestor Load (0.4ms)[0m  [1m[34mSELECT `investors`.* FROM `investors`[0m
  [1m[36mDocument Load (0.3ms)[0m  [1m[34mSELECT `documents`.* FROM `documents` WHERE `documents`.`investor_id` = 1[0m
Completed 200 OK in 22ms (Views: 20.6ms | ActiveRecord: 0.7ms (2 queries, 0 cached) | GC: 16.4ms)


Started GET "/api/investors/1" for ::1 at 2025-05-11 17:14:16 -0400
Processing by Api::InvestorsController#show as */*
  Parameters: {"id" => "1"}
  [1m[36mInvestor Load (0.5ms)[0m  [1m[34mSELECT `investors`.* FROM `investors` WHERE `investors`.`id` = 1 LIMIT 1[0m
  [1m[36mDocument Load (0.3ms)[0m  [1m[34mSELECT `documents`.* FROM `documents` WHERE `documents`.`investor_id` = 1[0m
Completed 200 OK in 3ms (Views: 1.2ms | ActiveRecord: 0.7ms (2 queries, 0 cached) | GC: 0.0ms)


Started PUT "/api/investors/1" for ::1 at 2025-05-11 17:14:23 -0400
Processing by Api::InvestorsController#update as */*
  Parameters: {"investor" => {"first_name" => "bob", "last_name" => "thing", "date_of_birth" => "2025-02-25", "phone_number" => "2343", "street_address" => "43225", "state" => "CA", "zip_code" => "43353"}, "files" => [#<ActionDispatch::Http::UploadedFile:0x00000001221db6e0 @tempfile=#<Tempfile:/var/folders/mg/473nk15d7xl7bcql1tv3xl2c0000gn/T/RackMultipart20250511-64342-wd3373.png>, @content_type="image/png", @original_filename="mom-flyer-2025-03-10.png", @headers="Content-Disposition: form-data; name=\"files[]\"; filename=\"mom-flyer-2025-03-10.png\"\r\nContent-Type: image/png\r\n">], "id" => "1"}
  [1m[36mInvestor Load (0.5ms)[0m  [1m[34mSELECT `investors`.* FROM `investors` WHERE `investors`.`id` = 1 LIMIT 1[0m
  [1m[36mTRANSACTION (0.2ms)[0m  [1m[35mBEGIN[0m
  [1m[36mDocument Create (1.2ms)[0m  [1m[32mINSERT INTO `documents` (`investor_id`, `file_name`, `file_path`, `created_at`, `updated_at`) VALUES (1, 'mom-flyer-2025-03-10.png', '/Users/nathansequeira/src/interviews/icapital-partner-import-app/backend/public/uploads/1/mom-flyer-2025-03-10.png', '2025-05-11 21:14:23.257738', '2025-05-11 21:14:23.257738')[0m
  [1m[36mTRANSACTION (0.4ms)[0m  [1m[35mCOMMIT[0m
Completed 200 OK in 8ms (Views: 0.1ms | ActiveRecord: 2.2ms (2 queries, 0 cached) | GC: 1.2ms)


Started GET "/api/investors" for ::1 at 2025-05-11 17:14:23 -0400
Processing by Api::InvestorsController#index as */*
  [1m[36mInvestor Load (0.4ms)[0m  [1m[34mSELECT `investors`.* FROM `investors`[0m
  [1m[36mDocument Load (0.2ms)[0m  [1m[34mSELECT `documents`.* FROM `documents` WHERE `documents`.`investor_id` = 1[0m
Completed 200 OK in 2ms (Views: 1.7ms | ActiveRecord: 0.6ms (2 queries, 0 cached) | GC: 0.0ms)


Started GET "/api/investors/1" for ::1 at 2025-05-11 17:14:24 -0400
Processing by Api::InvestorsController#show as */*
  Parameters: {"id" => "1"}
  [1m[36mInvestor Load (0.4ms)[0m  [1m[34mSELECT `investors`.* FROM `investors` WHERE `investors`.`id` = 1 LIMIT 1[0m
  [1m[36mDocument Load (0.4ms)[0m  [1m[34mSELECT `documents`.* FROM `documents` WHERE `documents`.`investor_id` = 1[0m
Completed 200 OK in 4ms (Views: 1.3ms | ActiveRecord: 0.8ms (2 queries, 0 cached) | GC: 1.0ms)


Started PUT "/api/investors/1" for ::1 at 2025-05-11 17:14:27 -0400
Processing by Api::InvestorsController#update as */*
  Parameters: {"investor" => {"first_name" => "bob", "last_name" => "thing", "date_of_birth" => "2025-02-25", "phone_number" => "2343", "street_address" => "43225", "state" => "CA", "zip_code" => "43353"}, "id" => "1"}
  [1m[36mInvestor Load (0.4ms)[0m  [1m[34mSELECT `investors`.* FROM `investors` WHERE `investors`.`id` = 1 LIMIT 1[0m
Completed 200 OK in 2ms (Views: 0.1ms | ActiveRecord: 0.4ms (1 query, 0 cached) | GC: 0.0ms)


Started GET "/api/investors" for ::1 at 2025-05-11 17:14:27 -0400
Processing by Api::InvestorsController#index as */*
  [1m[36mInvestor Load (0.4ms)[0m  [1m[34mSELECT `investors`.* FROM `investors`[0m
  [1m[36mDocument Load (0.3ms)[0m  [1m[34mSELECT `documents`.* FROM `documents` WHERE `documents`.`investor_id` = 1[0m
Completed 200 OK in 4ms (Views: 2.8ms | ActiveRecord: 0.7ms (2 queries, 0 cached) | GC: 0.8ms)


Started GET "/api/investors/1" for ::1 at 2025-05-11 17:14:31 -0400
Processing by Api::InvestorsController#show as */*
  Parameters: {"id" => "1"}
  [1m[36mInvestor Load (0.5ms)[0m  [1m[34mSELECT `investors`.* FROM `investors` WHERE `investors`.`id` = 1 LIMIT 1[0m
  [1m[36mDocument Load (0.2ms)[0m  [1m[34mSELECT `documents`.* FROM `documents` WHERE `documents`.`investor_id` = 1[0m
Completed 200 OK in 2ms (Views: 1.1ms | ActiveRecord: 0.7ms (2 queries, 0 cached) | GC: 0.0ms)


Started PUT "/api/investors/1" for ::1 at 2025-05-11 17:14:35 -0400
Processing by Api::InvestorsController#update as */*
  Parameters: {"investor" => {"first_name" => "bob", "last_name" => "thing", "date_of_birth" => "2025-02-25", "phone_number" => "2343", "street_address" => "43225", "state" => "CA", "zip_code" => "43353"}, "remove_file_ids" => ["9", "8", "7"], "files" => [#<ActionDispatch::Http::UploadedFile:0x0000000122b7bd30 @tempfile=#<Tempfile:/var/folders/mg/473nk15d7xl7bcql1tv3xl2c0000gn/T/RackMultipart20250511-64342-c5nprg.png>, @content_type="image/png", @original_filename="mom-flyer-2025-03-10.png", @headers="Content-Disposition: form-data; name=\"files[]\"; filename=\"mom-flyer-2025-03-10.png\"\r\nContent-Type: image/png\r\n">], "id" => "1"}
  [1m[36mInvestor Load (0.6ms)[0m  [1m[34mSELECT `investors`.* FROM `investors` WHERE `investors`.`id` = 1 LIMIT 1[0m
  [1m[36mDocument Load (0.3ms)[0m  [1m[34mSELECT `documents`.* FROM `documents` WHERE `documents`.`investor_id` = 1 AND `documents`.`id` = 9 LIMIT 1[0m
  [1m[36mTRANSACTION (0.1ms)[0m  [1m[35mBEGIN[0m
  [1m[36mDocument Destroy (0.6ms)[0m  [1m[31mDELETE FROM `documents` WHERE `documents`.`id` = 9[0m
  [1m[36mTRANSACTION (0.4ms)[0m  [1m[35mCOMMIT[0m
  [1m[36mDocument Load (0.2ms)[0m  [1m[34mSELECT `documents`.* FROM `documents` WHERE `documents`.`investor_id` = 1 AND `documents`.`id` = 8 LIMIT 1[0m
  [1m[36mTRANSACTION (0.2ms)[0m  [1m[35mBEGIN[0m
  [1m[36mDocument Destroy (1.0ms)[0m  [1m[31mDELETE FROM `documents` WHERE `documents`.`id` = 8[0m
  [1m[36mTRANSACTION (0.3ms)[0m  [1m[35mCOMMIT[0m
  [1m[36mDocument Load (0.2ms)[0m  [1m[34mSELECT `documents`.* FROM `documents` WHERE `documents`.`investor_id` = 1 AND `documents`.`id` = 7 LIMIT 1[0m
  [1m[36mTRANSACTION (0.1ms)[0m  [1m[35mBEGIN[0m
  [1m[36mDocument Destroy (0.4ms)[0m  [1m[31mDELETE FROM `documents` WHERE `documents`.`id` = 7[0m
  [1m[36mTRANSACTION (0.4ms)[0m  [1m[35mCOMMIT[0m
  [1m[36mTRANSACTION (0.2ms)[0m  [1m[35mBEGIN[0m
  [1m[36mDocument Create (0.6ms)[0m  [1m[32mINSERT INTO `documents` (`investor_id`, `file_name`, `file_path`, `created_at`, `updated_at`) VALUES (1, 'mom-flyer-2025-03-10.png', '/Users/nathansequeira/src/interviews/icapital-partner-import-app/backend/public/uploads/1/mom-flyer-2025-03-10.png', '2025-05-11 21:14:35.431424', '2025-05-11 21:14:35.431424')[0m
  [1m[36mTRANSACTION (0.3ms)[0m  [1m[35mCOMMIT[0m
Completed 200 OK in 14ms (Views: 0.1ms | ActiveRecord: 5.9ms (8 queries, 0 cached) | GC: 0.7ms)


Started GET "/api/investors" for ::1 at 2025-05-11 17:14:35 -0400
Processing by Api::InvestorsController#index as */*
  [1m[36mInvestor Load (0.4ms)[0m  [1m[34mSELECT `investors`.* FROM `investors`[0m
  [1m[36mDocument Load (0.3ms)[0m  [1m[34mSELECT `documents`.* FROM `documents` WHERE `documents`.`investor_id` = 1[0m
Completed 200 OK in 3ms (Views: 1.7ms | ActiveRecord: 0.7ms (2 queries, 0 cached) | GC: 0.0ms)


